-------------------------------------------------------------------------------
Test set: com.itqa.runners.CategoryTestRunner
-------------------------------------------------------------------------------
Tests run: 23, Failures: 8, Errors: 1, Skipped: 0, Time elapsed: 83.78 s <<< FAILURE! -- in com.itqa.runners.CategoryTestRunner
Category Management API Tests.TC_CAT_API_01 – Admin can create a category via API -- Time elapsed: 0.282 s <<< FAILURE!
java.lang.AssertionError: Expected HTTP 201 expected:<201> but was:<400>
	at org.junit.Assert.fail(Assert.java:89)
	at org.junit.Assert.failNotEquals(Assert.java:835)
	at org.junit.Assert.assertEquals(Assert.java:647)
	at com.itqa.steps.CategoryAPISteps.theResponseStatusShouldBe(CategoryAPISteps.java:109)
	at ✽.the response status should be 201(file:///C:/Users/Thenujan/Downloads/ITQA/ITQA/itqa-automation/src/test/resources/features/category_api.feature:21)

Category Management API Tests.TC_CAT_API_04 – Update category with invalid name returns 400 #1 -- Time elapsed: 0.667 s <<< FAILURE!
java.lang.AssertionError: Expected HTTP 400 expected:<400> but was:<500>
	at org.junit.Assert.fail(Assert.java:89)
	at org.junit.Assert.failNotEquals(Assert.java:835)
	at org.junit.Assert.assertEquals(Assert.java:647)
	at com.itqa.steps.CategoryAPISteps.theResponseStatusShouldBe(CategoryAPISteps.java:109)
	at ✽.the response status should be 400(file:///C:/Users/Thenujan/Downloads/ITQA/ITQA/itqa-automation/src/test/resources/features/category_api.feature:70)

Category Management API Tests.TC_CAT_API_04 – Update category with invalid name returns 400 #2 -- Time elapsed: 0.699 s <<< FAILURE!
java.lang.AssertionError: Expected HTTP 400 expected:<400> but was:<500>
	at org.junit.Assert.fail(Assert.java:89)
	at org.junit.Assert.failNotEquals(Assert.java:835)
	at org.junit.Assert.assertEquals(Assert.java:647)
	at com.itqa.steps.CategoryAPISteps.theResponseStatusShouldBe(CategoryAPISteps.java:109)
	at ✽.the response status should be 400(file:///C:/Users/Thenujan/Downloads/ITQA/ITQA/itqa-automation/src/test/resources/features/category_api.feature:70)

Category Management UI Tests.TC_CAT_UI_02 – Category list is sortable by ID column -- Time elapsed: 4.646 s <<< FAILURE!
java.lang.AssertionError: Expected ascending sort at row 0: 51 <= 50
	at org.junit.Assert.fail(Assert.java:89)
	at org.junit.Assert.assertTrue(Assert.java:42)
	at com.itqa.steps.CategoryUISteps.verifySortedNumericColumn(CategoryUISteps.java:168)
	at com.itqa.steps.CategoryUISteps.categoriesSortedAscById(CategoryUISteps.java:126)
	at ✽.the categories should be sorted in ascending order by ID(file:///C:/Users/Thenujan/Downloads/ITQA/ITQA/itqa-automation/src/test/resources/features/category_ui.feature:34)

Category Management UI Tests.TC_CAT_UI_03 – Category list is sortable by Name column -- Time elapsed: 5.404 s <<< FAILURE!
java.lang.AssertionError: Expected A→Z sort at row 0: 'updated' vs 'maincat'
	at org.junit.Assert.fail(Assert.java:89)
	at org.junit.Assert.assertTrue(Assert.java:42)
	at com.itqa.steps.CategoryUISteps.verifySortedStringColumn(CategoryUISteps.java:196)
	at com.itqa.steps.CategoryUISteps.categoriesSortedAToZ(CategoryUISteps.java:140)
	at ✽.the categories should be sorted alphabetically A to Z(file:///C:/Users/Thenujan/Downloads/ITQA/ITQA/itqa-automation/src/test/resources/features/category_ui.feature:47)

Category Management UI Tests.TC_CAT_UI_04 – Category list is sortable by Parent Category column -- Time elapsed: 24.76 s <<< ERROR!
org.openqa.selenium.TimeoutException: 
Expected condition failed: waiting for element to be clickable: By.xpath: //th[normalize-space(text())='Parent Category'] | //th//a[contains(text(),'Parent Category')] | //th//*[contains(text(),'Parent Category')] | //th[contains(.,'Parent Category')] (tried for 15 second(s) with 500 milliseconds interval)
Build info: version: '4.20.0', revision: '866c76ca80'
System info: os.name: 'Windows 11', os.arch: 'amd64', os.version: '10.0', java.version: '21.0.8'
Driver info: org.openqa.selenium.chrome.ChromeDriver
Capabilities {acceptInsecureCerts: false, browserName: chrome, browserVersion: 148.0.7778.218, chrome: {chromedriverVersion: 148.0.7778.178 (d096af1c9e9..., userDataDir: C:\Users\Thenujan\AppData\L...}, fedcm:accounts: true, goog:chromeOptions: {debuggerAddress: localhost:62281}, goog:processID: 17888, networkConnectionEnabled: false, pageLoadStrategy: normal, platformName: windows, proxy: Proxy(), se:cdp: ws://localhost:62281/devtoo..., se:cdpVersion: 148.0.7778.218, setWindowRect: true, strictFileInteractability: false, timeouts: {implicit: 0, pageLoad: 300000, script: 30000}, unhandledPromptBehavior: dismiss and notify, webauthn:extension:credBlob: true, webauthn:extension:largeBlob: true, webauthn:extension:minPinLength: true, webauthn:extension:prf: true, webauthn:virtualAuthenticators: true}
Session ID: 1db634c1c939d0df89169b0c6465a50f
	at org.openqa.selenium.support.ui.WebDriverWait.timeoutException(WebDriverWait.java:84)
	at org.openqa.selenium.support.ui.FluentWait.until(FluentWait.java:228)
	at com.itqa.steps.CategoryUISteps.iClickColumnHeader(CategoryUISteps.java:110)
	at ✽.I click the "Parent Category" column header(file:///C:/Users/Thenujan/Downloads/ITQA/ITQA/itqa-automation/src/test/resources/features/category_ui.feature:56)

Category Management UI Tests.TC_CAT_UI_07 – Normal user cannot see Edit buttons on category list -- Time elapsed: 4.837 s <<< FAILURE!
java.lang.AssertionError: BUG-CAT-UI-001: Edit buttons visible to normal user – admin-only control exposed expected:<0> but was:<10>
	at org.junit.Assert.fail(Assert.java:89)
	at org.junit.Assert.failNotEquals(Assert.java:835)
	at org.junit.Assert.assertEquals(Assert.java:647)
	at com.itqa.steps.CategoryUISteps.noEditButtonsVisible(CategoryUISteps.java:242)
	at ✽.no Edit buttons should be visible in the category list(file:///C:/Users/Thenujan/Downloads/ITQA/ITQA/itqa-automation/src/test/resources/features/category_ui.feature:93)

Category Management UI Tests.TC_CAT_UI_09 – Normal user cannot see Delete buttons on category list -- Time elapsed: 5.476 s <<< FAILURE!
java.lang.AssertionError: BUG-CAT-UI-002: Delete buttons visible to normal user – admin-only destructive action exposed expected:<0> but was:<1>
	at org.junit.Assert.fail(Assert.java:89)
	at org.junit.Assert.failNotEquals(Assert.java:835)
	at org.junit.Assert.assertEquals(Assert.java:647)
	at com.itqa.steps.CategoryUISteps.noDeleteButtonsVisible(CategoryUISteps.java:356)
	at ✽.no Delete buttons should be visible in the category list(file:///C:/Users/Thenujan/Downloads/ITQA/ITQA/itqa-automation/src/test/resources/features/category_ui.feature:116)

Category Management UI Tests.TC_CAT_UI_11 – Normal user cannot access category edit page via direct URL -- Time elapsed: 5.596 s <<< FAILURE!
java.lang.AssertionError: User should be denied access to category edit page
	at org.junit.Assert.fail(Assert.java:89)
	at org.junit.Assert.assertTrue(Assert.java:42)
	at com.itqa.steps.CommonSteps.accessDeniedOrRedirected(CommonSteps.java:262)
	at ✽.I should see an access denied page or be redirected away from the edit form(file:///C:/Users/Thenujan/Downloads/ITQA/ITQA/itqa-automation/src/test/resources/features/category_ui.feature:138)

