<?xml version="1.0" encoding="UTF-8"?>
<testsuite xmlns:xsi="http://www.w3.org/2001/XMLSchema-instance" xsi:noNamespaceSchemaLocation="https://maven.apache.org/surefire/maven-surefire-plugin/xsd/surefire-test-report-3.0.xsd" version="3.0" name="com.itqa.runners.AllTestsRunner" time="113.348" tests="23" errors="1" skipped="0" failures="7">
  <properties>
[...]
</properties>
  <testcase name="TC_CAT_API_01 – Admin can create a category via API" classname="Category Management API Tests" time="7.295">
    <system-out><![CDATA[
@API @CategoryAPI @Thenujan @TC_CAT_API_01
Scenario: TC_CAT_API_01 – Admin can create a category via API # src/test/resources/features/category_api.feature:15
  Given I have a valid Admin JWT token                        # com.itqa.steps.CommonSteps.iHaveValidAdminToken()
POST /api/categories → 201
  When I send a POST request to "/api/categories" with body:  # com.itqa.steps.CategoryAPISteps.iSendPostRequest(java.lang.String,java.lang.String)
  Then the response status should be 201                      # com.itqa.steps.CategoryAPISteps.theResponseStatusShouldBe(int)
  And the response body should contain "NewCat001"            # com.itqa.steps.CategoryAPISteps.responseBodyShouldContain(java.lang.String)
Saved createdCategoryId = 45
  And I save the created category ID as "createdCategoryId"   # com.itqa.steps.CategoryAPISteps.saveCreatedCategoryId(java.lang.String)
]]></system-out>
  </testcase>
  <testcase name="TC_CAT_API_02 – Category name length validation returns 400 #1" classname="Category Management API Tests" time="0.391">
    <system-out><![CDATA[
@API @CategoryAPI @Thenujan @TC_CAT_API_02
Scenario Outline: TC_CAT_API_02 – Category name length validation returns 400 # src/test/resources/features/category_api.feature:40
  Given I have a valid Admin JWT token                                        # com.itqa.steps.CommonSteps.iHaveValidAdminToken()
POST /api/categories → 400
  When I send a POST request to "/api/categories" with body:                  # com.itqa.steps.CategoryAPISteps.iSendPostRequest(java.lang.String,java.lang.String)
  Then the response status should be 400                                      # com.itqa.steps.CategoryAPISteps.theResponseStatusShouldBe(int)
]]></system-out>
  </testcase>
  <testcase name="TC_CAT_API_02 – Category name length validation returns 400 #2" classname="Category Management API Tests" time="0.343">
    <system-out><![CDATA[
@API @CategoryAPI @Thenujan @TC_CAT_API_02
Scenario Outline: TC_CAT_API_02 – Category name length validation returns 400 # src/test/resources/features/category_api.feature:41
  Given I have a valid Admin JWT token                                        # com.itqa.steps.CommonSteps.iHaveValidAdminToken()
POST /api/categories → 400
  When I send a POST request to "/api/categories" with body:                  # com.itqa.steps.CategoryAPISteps.iSendPostRequest(java.lang.String,java.lang.String)
  Then the response status should be 400                                      # com.itqa.steps.CategoryAPISteps.theResponseStatusShouldBe(int)
]]></system-out>
  </testcase>
  <testcase name="TC_CAT_API_03 – Admin can update a category via API" classname="Category Management API Tests" time="0.863">
    <system-out><![CDATA[
@API @CategoryAPI @Thenujan @TC_CAT_API_03
Scenario: TC_CAT_API_03 – Admin can update a category via API                   # src/test/resources/features/category_api.feature:47
  Given I have a valid Admin JWT token                                          # com.itqa.steps.CommonSteps.iHaveValidAdminToken()
Category 'UpdateMe' ID: 46
  And a category exists with name "UpdateMe"                                    # com.itqa.steps.CategoryAPISteps.aCategoryExistsWithName(java.lang.String)
PUT /api/categories/46 → 200 (token role: ADMIN)
  When I send a PUT request to "/api/categories/{createdCategoryId}" with body: # com.itqa.steps.CategoryAPISteps.iSendPutRequest(java.lang.String,java.lang.String)
  Then the response status should be 200                                        # com.itqa.steps.CategoryAPISteps.theResponseStatusShouldBe(int)
  And the response body should contain "Updated"                                # com.itqa.steps.CategoryAPISteps.responseBodyShouldContain(java.lang.String)
]]></system-out>
  </testcase>
  <testcase name="TC_CAT_API_04 – Update category with invalid name returns 400 #1" classname="Category Management API Tests" time="0.776">
    <failure message="Expected HTTP 400 expected:&lt;400&gt; but was:&lt;500&gt;" type="java.lang.AssertionError"><![CDATA[java.lang.AssertionError: Expected HTTP 400 expected:<400> but was:<500>
	at org.junit.Assert.fail(Assert.java:89)
	at org.junit.Assert.failNotEquals(Assert.java:835)
	at org.junit.Assert.assertEquals(Assert.java:647)
	at com.itqa.steps.CategoryAPISteps.theResponseStatusShouldBe(CategoryAPISteps.java:109)
	at ✽.the response status should be 400(file:///C:/Users/Thenujan/Downloads/ITQA/ITQA/itqa-automation/src/test/resources/features/category_api.feature:70)
]]></failure>
    <system-out><![CDATA[
@API @CategoryAPI @Thenujan @TC_CAT_API_04
Scenario Outline: TC_CAT_API_04 – Update category with invalid name returns 400 # src/test/resources/features/category_api.feature:74
  Given I have a valid Admin JWT token                                          # com.itqa.steps.CommonSteps.iHaveValidAdminToken()
Category 'KeepName' ID: 47
  And a category exists with name "KeepName"                                    # com.itqa.steps.CategoryAPISteps.aCategoryExistsWithName(java.lang.String)
PUT /api/categories/47 → 500 (token role: ADMIN)
  When I send a PUT request to "/api/categories/{createdCategoryId}" with body: # com.itqa.steps.CategoryAPISteps.iSendPutRequest(java.lang.String,java.lang.String)
  Then the response status should be 400                                        # com.itqa.steps.CategoryAPISteps.theResponseStatusShouldBe(int)
      java.lang.AssertionError: Expected HTTP 400 expected:<400> but was:<500>
	at org.junit.Assert.fail(Assert.java:89)
	at org.junit.Assert.failNotEquals(Assert.java:835)
	at org.junit.Assert.assertEquals(Assert.java:647)
	at com.itqa.steps.CategoryAPISteps.theResponseStatusShouldBe(CategoryAPISteps.java:109)
	at ✽.the response status should be 400(file:///C:/Users/Thenujan/Downloads/ITQA/ITQA/itqa-automation/src/test/resources/features/category_api.feature:70)

]]></system-out>
  </testcase>
  <testcase name="TC_CAT_API_04 – Update category with invalid name returns 400 #2" classname="Category Management API Tests" time="0.788">
    <failure message="Expected HTTP 400 expected:&lt;400&gt; but was:&lt;500&gt;" type="java.lang.AssertionError"><![CDATA[java.lang.AssertionError: Expected HTTP 400 expected:<400> but was:<500>
	at org.junit.Assert.fail(Assert.java:89)
	at org.junit.Assert.failNotEquals(Assert.java:835)
	at org.junit.Assert.assertEquals(Assert.java:647)
	at com.itqa.steps.CategoryAPISteps.theResponseStatusShouldBe(CategoryAPISteps.java:109)
	at ✽.the response status should be 400(file:///C:/Users/Thenujan/Downloads/ITQA/ITQA/itqa-automation/src/test/resources/features/category_api.feature:70)
]]></failure>
    <system-out><![CDATA[
@API @CategoryAPI @Thenujan @TC_CAT_API_04
Scenario Outline: TC_CAT_API_04 – Update category with invalid name returns 400 # src/test/resources/features/category_api.feature:75
  Given I have a valid Admin JWT token                                          # com.itqa.steps.CommonSteps.iHaveValidAdminToken()
Category 'KeepName' ID: 47
  And a category exists with name "KeepName"                                    # com.itqa.steps.CategoryAPISteps.aCategoryExistsWithName(java.lang.String)
PUT /api/categories/47 → 500 (token role: ADMIN)
  When I send a PUT request to "/api/categories/{createdCategoryId}" with body: # com.itqa.steps.CategoryAPISteps.iSendPutRequest(java.lang.String,java.lang.String)
  Then the response status should be 400                                        # com.itqa.steps.CategoryAPISteps.theResponseStatusShouldBe(int)
      java.lang.AssertionError: Expected HTTP 400 expected:<400> but was:<500>
	at org.junit.Assert.fail(Assert.java:89)
	at org.junit.Assert.failNotEquals(Assert.java:835)
	at org.junit.Assert.assertEquals(Assert.java:647)
	at com.itqa.steps.CategoryAPISteps.theResponseStatusShouldBe(CategoryAPISteps.java:109)
	at ✽.the response status should be 400(file:///C:/Users/Thenujan/Downloads/ITQA/ITQA/itqa-automation/src/test/resources/features/category_api.feature:70)

]]></system-out>
  </testcase>
  <testcase name="TC_CAT_API_05 – Paginated category API returns correct structure" classname="Category Management API Tests" time="0.434">
    <system-out><![CDATA[
@API @CategoryAPI @Thenujan @TC_CAT_API_05
Scenario: TC_CAT_API_05 – Paginated category API returns correct structure      # src/test/resources/features/category_api.feature:81
  Given I have a valid Admin JWT token                                          # com.itqa.steps.CommonSteps.iHaveValidAdminToken()
GET /api/categories/page?page=0&size=5&sort=id,asc → 200 (token role: ADMIN)
  When I send a GET request to "/api/categories/page?page=0&size=5&sort=id,asc" # com.itqa.steps.CategoryAPISteps.iSendGetRequest(java.lang.String)
  Then the response status should be 200                                        # com.itqa.steps.CategoryAPISteps.theResponseStatusShouldBe(int)
  And the response body should contain "content"                                # com.itqa.steps.CategoryAPISteps.responseBodyShouldContain(java.lang.String)
]]></system-out>
  </testcase>
  <testcase name="TC_CAT_API_06 – GET all categories returns list" classname="Category Management API Tests" time="0.32">
    <system-out><![CDATA[
@API @CategoryAPI @Thenujan @TC_CAT_API_06
Scenario: TC_CAT_API_06 – GET all categories returns list # src/test/resources/features/category_api.feature:91
  Given I have a valid User JWT token                     # com.itqa.steps.CommonSteps.iHaveValidUserToken()
GET /api/categories → 200 (token role: USER)
  When I send a GET request to "/api/categories"          # com.itqa.steps.CategoryAPISteps.iSendGetRequest(java.lang.String)
  Then the response status should be 200                  # com.itqa.steps.CategoryAPISteps.theResponseStatusShouldBe(int)
  And the response is a JSON array                        # com.itqa.steps.CategoryAPISteps.responseIsJsonArray()
]]></system-out>
  </testcase>
  <testcase name="TC_CAT_API_07 – Normal user cannot update category via API" classname="Category Management API Tests" time="0.673">
    <system-out><![CDATA[
@API @CategoryAPI @Thenujan @TC_CAT_API_07
Scenario: TC_CAT_API_07 – Normal user cannot update category via API            # src/test/resources/features/category_api.feature:104
  Given I have a valid User JWT token                                           # com.itqa.steps.CommonSteps.iHaveValidUserToken()
Category 'UserTryUpd' ID: 48
  And a category exists with name "UserTryUpd"                                  # com.itqa.steps.CategoryAPISteps.aCategoryExistsWithName(java.lang.String)
PUT /api/categories/48 → 403 (token role: USER)
  When I send a PUT request to "/api/categories/{createdCategoryId}" with body: # com.itqa.steps.CategoryAPISteps.iSendPutRequest(java.lang.String,java.lang.String)
  Then the response status should be 403                                        # com.itqa.steps.CategoryAPISteps.theResponseStatusShouldBe(int)
]]></system-out>
  </testcase>
  <testcase name="TC_CAT_API_08 – Normal user cannot delete category via API" classname="Category Management API Tests" time="0.617">
    <system-out><![CDATA[
@API @CategoryAPI @Thenujan @TC_CAT_API_08
Scenario: TC_CAT_API_08 – Normal user cannot delete category via API    # src/test/resources/features/category_api.feature:120
  Given I have a valid User JWT token                                   # com.itqa.steps.CommonSteps.iHaveValidUserToken()
Category 'UserTryDel' ID: 49
  And a category exists with name "UserTryDel"                          # com.itqa.steps.CategoryAPISteps.aCategoryExistsWithName(java.lang.String)
DELETE /api/categories/49 → 403 (token role: USER)
  When I send a DELETE request to "/api/categories/{createdCategoryId}" # com.itqa.steps.CategoryAPISteps.iSendDeleteRequest(java.lang.String)
  Then the response status should be 403                                # com.itqa.steps.CategoryAPISteps.theResponseStatusShouldBe(int)
]]></system-out>
  </testcase>
  <testcase name="TC_CAT_API_09 – GET category by valid ID returns correct data" classname="Category Management API Tests" time="0.679">
    <system-out><![CDATA[
@API @CategoryAPI @Thenujan @TC_CAT_API_09
Scenario: TC_CAT_API_09 – GET category by valid ID returns correct data # src/test/resources/features/category_api.feature:130
  Given I have a valid User JWT token                                   # com.itqa.steps.CommonSteps.iHaveValidUserToken()
Category 'GetById' ID: 33
  And a category exists with name "GetById"                             # com.itqa.steps.CategoryAPISteps.aCategoryExistsWithName(java.lang.String)
GET /api/categories/33 → 200 (token role: USER)
  When I send a GET request to "/api/categories/{createdCategoryId}"    # com.itqa.steps.CategoryAPISteps.iSendGetRequest(java.lang.String)
  Then the response status should be 200                                # com.itqa.steps.CategoryAPISteps.theResponseStatusShouldBe(int)
  And the response body should contain "GetById"                        # com.itqa.steps.CategoryAPISteps.responseBodyShouldContain(java.lang.String)
]]></system-out>
  </testcase>
  <testcase name="TC_CAT_API_10 – GET category by invalid ID returns 404" classname="Category Management API Tests" time="0.359">
    <system-out><![CDATA[
@API @CategoryAPI @Thenujan @TC_CAT_API_10
Scenario: TC_CAT_API_10 – GET category by invalid ID returns 404 # src/test/resources/features/category_api.feature:141
  Given I have a valid User JWT token                            # com.itqa.steps.CommonSteps.iHaveValidUserToken()
GET /api/categories/99999999 → 404 (token role: USER)
  When I send a GET request to "/api/categories/99999999"        # com.itqa.steps.CategoryAPISteps.iSendGetRequest(java.lang.String)
  Then the response status should be 404                         # com.itqa.steps.CategoryAPISteps.theResponseStatusShouldBe(int)
]]></system-out>
  </testcase>
  <testcase name="TC_CAT_UI_01 – Admin can add a category with a valid name" classname="Category Management UI Tests" time="6.816">
    <system-out><![CDATA[
@UI @CategoryUI @Thenujan @TC_CAT_UI_01
Scenario: TC_CAT_UI_01 – Admin can add a category with a valid name      # src/test/resources/features/category_ui.feature:18
  Given the application is running                                       # com.itqa.steps.CommonSteps.theApplicationIsRunning()
  Given I am logged in as Admin                                          # com.itqa.steps.CommonSteps.iAmLoggedInAsAdmin()
  When I navigate to "/ui/categories"                                    # com.itqa.steps.CommonSteps.iNavigateTo(java.lang.String)
  And I click the "Add A Category" button                                # com.itqa.steps.CategoryUISteps.iClickNamedButton(java.lang.String)
  And I enter category name "PlantTest"                                  # com.itqa.steps.CategoryUISteps.iEnterCategoryName(java.lang.String)
  And I click the Save button                                            # com.itqa.steps.CommonSteps.iClickTheSaveButton()
  Then the category "PlantTest" should be visible in the categories list # com.itqa.steps.CategoryUISteps.categoryShouldBeVisibleInList(java.lang.String)
]]></system-out>
    <system-err><![CDATA[[main] INFO io.github.bonigarcia.wdm.WebDriverManager - Using chromedriver 148.0.7778.178 (resolved driver for Chrome 148)
[main] INFO io.github.bonigarcia.wdm.WebDriverManager - Exporting webdriver.chrome.driver as C:\Users\Thenujan\.cache\selenium\chromedriver\win64\148.0.7778.178\chromedriver.exe
Jun 11, 2026 2:43:38 PM org.openqa.selenium.devtools.CdpVersionFinder findNearestMatch
WARNING: Unable to find CDP implementation matching 148
Jun 11, 2026 2:43:38 PM org.openqa.selenium.chromium.ChromiumDriver lambda$new$5
WARNING: Unable to find version of CDP to use for 148.0.7778.218. You may need to include a dependency on a specific version of the CDP using something similar to `org.seleniumhq.selenium:selenium-devtools-v86:4.20.0` where the version ("v86") matches the version of the chromium-based browser you're using and the version number of the artifact is the same as Selenium's.
]]></system-err>
  </testcase>
  <testcase name="TC_CAT_UI_02 – Category list is sortable by ID column" classname="Category Management UI Tests" time="5.241">
    <failure message="Expected ascending sort at row 0: 49 &lt;= 48" type="java.lang.AssertionError"><![CDATA[java.lang.AssertionError: Expected ascending sort at row 0: 49 <= 48
	at org.junit.Assert.fail(Assert.java:89)
	at org.junit.Assert.assertTrue(Assert.java:42)
	at com.itqa.steps.CategoryUISteps.verifySortedNumericColumn(CategoryUISteps.java:168)
	at com.itqa.steps.CategoryUISteps.categoriesSortedAscById(CategoryUISteps.java:126)
	at ✽.the categories should be sorted in ascending order by ID(file:///C:/Users/Thenujan/Downloads/ITQA/ITQA/itqa-automation/src/test/resources/features/category_ui.feature:34)
]]></failure>
    <system-out><![CDATA[
@UI @CategoryUI @Thenujan @TC_CAT_UI_02
Scenario: TC_CAT_UI_02 – Category list is sortable by ID column  # src/test/resources/features/category_ui.feature:30
  Given the application is running                               # com.itqa.steps.CommonSteps.theApplicationIsRunning()
  Given I am logged in as Admin                                  # com.itqa.steps.CommonSteps.iAmLoggedInAsAdmin()
  When I navigate to "/ui/categories"                            # com.itqa.steps.CommonSteps.iNavigateTo(java.lang.String)
  And I click the "ID" column header                             # com.itqa.steps.CategoryUISteps.iClickColumnHeader(java.lang.String)
  Then the categories should be sorted in ascending order by ID  # com.itqa.steps.CategoryUISteps.categoriesSortedAscById()
      java.lang.AssertionError: Expected ascending sort at row 0: 49 <= 48
	at org.junit.Assert.fail(Assert.java:89)
	at org.junit.Assert.assertTrue(Assert.java:42)
	at com.itqa.steps.CategoryUISteps.verifySortedNumericColumn(CategoryUISteps.java:168)
	at com.itqa.steps.CategoryUISteps.categoriesSortedAscById(CategoryUISteps.java:126)
	at ✽.the categories should be sorted in ascending order by ID(file:///C:/Users/Thenujan/Downloads/ITQA/ITQA/itqa-automation/src/test/resources/features/category_ui.feature:34)

  When I click the "ID" column header again                      # com.itqa.steps.CategoryUISteps.iClickColumnHeaderAgain(java.lang.String)
  Then the categories should be sorted in descending order by ID # com.itqa.steps.CategoryUISteps.categoriesSortedDescById()

    Embedding Screenshot on Failure [image/png 81906 bytes]

]]></system-out>
    <system-err><![CDATA[[main] INFO io.github.bonigarcia.wdm.WebDriverManager - Using chromedriver 148.0.7778.178 (resolved driver for Chrome 148)
[main] INFO io.github.bonigarcia.wdm.WebDriverManager - Exporting webdriver.chrome.driver as C:\Users\Thenujan\.cache\selenium\chromedriver\win64\148.0.7778.178\chromedriver.exe
Jun 11, 2026 2:43:43 PM org.openqa.selenium.devtools.CdpVersionFinder findNearestMatch
WARNING: Unable to find CDP implementation matching 148
Jun 11, 2026 2:43:43 PM org.openqa.selenium.chromium.ChromiumDriver lambda$new$5
WARNING: Unable to find version of CDP to use for 148.0.7778.218. You may need to include a dependency on a specific version of the CDP using something similar to `org.seleniumhq.selenium:selenium-devtools-v86:4.20.0` where the version ("v86") matches the version of the chromium-based browser you're using and the version number of the artifact is the same as Selenium's.
]]></system-err>
  </testcase>
  <testcase name="TC_CAT_UI_03 – Category list is sortable by Name column" classname="Category Management UI Tests" time="5.035">
    <failure message="Expected A→Z sort at row 1: &apos;usertryupd&apos; vs &apos;keepname&apos;" type="java.lang.AssertionError"><![CDATA[java.lang.AssertionError: Expected A→Z sort at row 1: 'usertryupd' vs 'keepname'
	at org.junit.Assert.fail(Assert.java:89)
	at org.junit.Assert.assertTrue(Assert.java:42)
	at com.itqa.steps.CategoryUISteps.verifySortedStringColumn(CategoryUISteps.java:196)
	at com.itqa.steps.CategoryUISteps.categoriesSortedAToZ(CategoryUISteps.java:140)
	at ✽.the categories should be sorted alphabetically A to Z(file:///C:/Users/Thenujan/Downloads/ITQA/ITQA/itqa-automation/src/test/resources/features/category_ui.feature:47)
]]></failure>
    <system-out><![CDATA[
@UI @CategoryUI @Thenujan @TC_CAT_UI_03
Scenario: TC_CAT_UI_03 – Category list is sortable by Name column # src/test/resources/features/category_ui.feature:43
  Given the application is running                                # com.itqa.steps.CommonSteps.theApplicationIsRunning()
  Given I am logged in as Admin                                   # com.itqa.steps.CommonSteps.iAmLoggedInAsAdmin()
  When I navigate to "/ui/categories"                             # com.itqa.steps.CommonSteps.iNavigateTo(java.lang.String)
  And I click the "Name" column header                            # com.itqa.steps.CategoryUISteps.iClickColumnHeader(java.lang.String)
  Then the categories should be sorted alphabetically A to Z      # com.itqa.steps.CategoryUISteps.categoriesSortedAToZ()
      java.lang.AssertionError: Expected A→Z sort at row 1: 'usertryupd' vs 'keepname'
	at org.junit.Assert.fail(Assert.java:89)
	at org.junit.Assert.assertTrue(Assert.java:42)
	at com.itqa.steps.CategoryUISteps.verifySortedStringColumn(CategoryUISteps.java:196)
	at com.itqa.steps.CategoryUISteps.categoriesSortedAToZ(CategoryUISteps.java:140)
	at ✽.the categories should be sorted alphabetically A to Z(file:///C:/Users/Thenujan/Downloads/ITQA/ITQA/itqa-automation/src/test/resources/features/category_ui.feature:47)


    Embedding Screenshot on Failure [image/png 90711 bytes]

]]></system-out>
    <system-err><![CDATA[[main] INFO io.github.bonigarcia.wdm.WebDriverManager - Using chromedriver 148.0.7778.178 (resolved driver for Chrome 148)
[main] INFO io.github.bonigarcia.wdm.WebDriverManager - Exporting webdriver.chrome.driver as C:\Users\Thenujan\.cache\selenium\chromedriver\win64\148.0.7778.178\chromedriver.exe
Jun 11, 2026 2:43:48 PM org.openqa.selenium.devtools.CdpVersionFinder findNearestMatch
WARNING: Unable to find CDP implementation matching 148
Jun 11, 2026 2:43:48 PM org.openqa.selenium.chromium.ChromiumDriver lambda$new$5
WARNING: Unable to find version of CDP to use for 148.0.7778.218. You may need to include a dependency on a specific version of the CDP using something similar to `org.seleniumhq.selenium:selenium-devtools-v86:4.20.0` where the version ("v86") matches the version of the chromium-based browser you're using and the version number of the artifact is the same as Selenium's.
]]></system-err>
  </testcase>
  <testcase name="TC_CAT_UI_04 – Category list is sortable by Parent Category column" classname="Category Management UI Tests" time="25.99">
    <error message="Expected condition failed: waiting for element to be clickable: By.xpath: //th[normalize-space(text())=&apos;Parent Category&apos;] | //th//a[contains(text(),&apos;Parent Category&apos;)] | //th//*[contains(text(),&apos;Parent Category&apos;)] | //th[contains(.,&apos;Parent Category&apos;)] (tried for 15 second(s) with 500 milliseconds interval)&#10;Build info: version: &apos;4.20.0&apos;, revision: &apos;866c76ca80&apos;&#10;System info: os.name: &apos;Windows 11&apos;, os.arch: &apos;amd64&apos;, os.version: &apos;10.0&apos;, java.version: &apos;21.0.8&apos;&#10;Driver info: org.openqa.selenium.chrome.ChromeDriver&#10;Capabilities {acceptInsecureCerts: false, browserName: chrome, browserVersion: 148.0.7778.218, chrome: {chromedriverVersion: 148.0.7778.178 (d096af1c9e9..., userDataDir: C:\Users\Thenujan\AppData\L...}, fedcm:accounts: true, goog:chromeOptions: {debuggerAddress: localhost:56743}, goog:processID: 22972, networkConnectionEnabled: false, pageLoadStrategy: normal, platformName: windows, proxy: Proxy(), se:cdp: ws://localhost:56743/devtoo..., se:cdpVersion: 148.0.7778.218, setWindowRect: true, strictFileInteractability: false, timeouts: {implicit: 0, pageLoad: 300000, script: 30000}, unhandledPromptBehavior: dismiss and notify, webauthn:extension:credBlob: true, webauthn:extension:largeBlob: true, webauthn:extension:minPinLength: true, webauthn:extension:prf: true, webauthn:virtualAuthenticators: true}&#10;Session ID: 0d007c631f9c5ab4a1e00c45bc00c334" type="org.openqa.selenium.TimeoutException"><![CDATA[org.openqa.selenium.TimeoutException: 
Expected condition failed: waiting for element to be clickable: By.xpath: //th[normalize-space(text())='Parent Category'] | //th//a[contains(text(),'Parent Category')] | //th//*[contains(text(),'Parent Category')] | //th[contains(.,'Parent Category')] (tried for 15 second(s) with 500 milliseconds interval)
Build info: version: '4.20.0', revision: '866c76ca80'
System info: os.name: 'Windows 11', os.arch: 'amd64', os.version: '10.0', java.version: '21.0.8'
Driver info: org.openqa.selenium.chrome.ChromeDriver
Capabilities {acceptInsecureCerts: false, browserName: chrome, browserVersion: 148.0.7778.218, chrome: {chromedriverVersion: 148.0.7778.178 (d096af1c9e9..., userDataDir: C:\Users\Thenujan\AppData\L...}, fedcm:accounts: true, goog:chromeOptions: {debuggerAddress: localhost:56743}, goog:processID: 22972, networkConnectionEnabled: false, pageLoadStrategy: normal, platformName: windows, proxy: Proxy(), se:cdp: ws://localhost:56743/devtoo..., se:cdpVersion: 148.0.7778.218, setWindowRect: true, strictFileInteractability: false, timeouts: {implicit: 0, pageLoad: 300000, script: 30000}, unhandledPromptBehavior: dismiss and notify, webauthn:extension:credBlob: true, webauthn:extension:largeBlob: true, webauthn:extension:minPinLength: true, webauthn:extension:prf: true, webauthn:virtualAuthenticators: true}
Session ID: 0d007c631f9c5ab4a1e00c45bc00c334
	at org.openqa.selenium.support.ui.WebDriverWait.timeoutException(WebDriverWait.java:84)
	at org.openqa.selenium.support.ui.FluentWait.until(FluentWait.java:228)
	at com.itqa.steps.CategoryUISteps.iClickColumnHeader(CategoryUISteps.java:110)
	at ✽.I click the "Parent Category" column header(file:///C:/Users/Thenujan/Downloads/ITQA/ITQA/itqa-automation/src/test/resources/features/category_ui.feature:56)
]]></error>
    <system-out><![CDATA[
@UI @CategoryUI @Thenujan @TC_CAT_UI_04
Scenario: TC_CAT_UI_04 – Category list is sortable by Parent Category column # src/test/resources/features/category_ui.feature:53
  Given the application is running                                           # com.itqa.steps.CommonSteps.theApplicationIsRunning()
  Given I am logged in as Admin                                              # com.itqa.steps.CommonSteps.iAmLoggedInAsAdmin()
  When I navigate to "/ui/categories"                                        # com.itqa.steps.CommonSteps.iNavigateTo(java.lang.String)
  And I click the "Parent Category" column header                            # com.itqa.steps.CategoryUISteps.iClickColumnHeader(java.lang.String)
      org.openqa.selenium.TimeoutException: Expected condition failed: waiting for element to be clickable: By.xpath: //th[normalize-space(text())='Parent Category'] | //th//a[contains(text(),'Parent Category')] | //th//*[contains(text(),'Parent Category')] | //th[contains(.,'Parent Category')] (tried for 15 second(s) with 500 milliseconds interval)
Build info: version: '4.20.0', revision: '866c76ca80'
System info: os.name: 'Windows 11', os.arch: 'amd64', os.version: '10.0', java.version: '21.0.8'
Driver info: org.openqa.selenium.chrome.ChromeDriver
Capabilities {acceptInsecureCerts: false, browserName: chrome, browserVersion: 148.0.7778.218, chrome: {chromedriverVersion: 148.0.7778.178 (d096af1c9e9..., userDataDir: C:\Users\Thenujan\AppData\L...}, fedcm:accounts: true, goog:chromeOptions: {debuggerAddress: localhost:56743}, goog:processID: 22972, networkConnectionEnabled: false, pageLoadStrategy: normal, platformName: windows, proxy: Proxy(), se:cdp: ws://localhost:56743/devtoo..., se:cdpVersion: 148.0.7778.218, setWindowRect: true, strictFileInteractability: false, timeouts: {implicit: 0, pageLoad: 300000, script: 30000}, unhandledPromptBehavior: dismiss and notify, webauthn:extension:credBlob: true, webauthn:extension:largeBlob: true, webauthn:extension:minPinLength: true, webauthn:extension:prf: true, webauthn:virtualAuthenticators: true}
Session ID: 0d007c631f9c5ab4a1e00c45bc00c334
	at org.openqa.selenium.support.ui.WebDriverWait.timeoutException(WebDriverWait.java:84)
	at org.openqa.selenium.support.ui.FluentWait.until(FluentWait.java:228)
	at com.itqa.steps.CategoryUISteps.iClickColumnHeader(CategoryUISteps.java:110)
	at ✽.I click the "Parent Category" column header(file:///C:/Users/Thenujan/Downloads/ITQA/ITQA/itqa-automation/src/test/resources/features/category_ui.feature:56)

  Then the categories should be grouped and sorted by parent category        # com.itqa.steps.CategoryUISteps.categoriesSortedByParent()

    Embedding Screenshot on Failure [image/png 90711 bytes]

]]></system-out>
    <system-err><![CDATA[[main] INFO io.github.bonigarcia.wdm.WebDriverManager - Using chromedriver 148.0.7778.178 (resolved driver for Chrome 148)
[main] INFO io.github.bonigarcia.wdm.WebDriverManager - Exporting webdriver.chrome.driver as C:\Users\Thenujan\.cache\selenium\chromedriver\win64\148.0.7778.178\chromedriver.exe
Jun 11, 2026 2:43:53 PM org.openqa.selenium.devtools.CdpVersionFinder findNearestMatch
WARNING: Unable to find CDP implementation matching 148
Jun 11, 2026 2:43:53 PM org.openqa.selenium.chromium.ChromiumDriver lambda$new$5
WARNING: Unable to find version of CDP to use for 148.0.7778.218. You may need to include a dependency on a specific version of the CDP using something similar to `org.seleniumhq.selenium:selenium-devtools-v86:4.20.0` where the version ("v86") matches the version of the chromium-based browser you're using and the version number of the artifact is the same as Selenium's.
]]></system-err>
  </testcase>
  <testcase name="TC_CAT_UI_05 – Admin can add a main category without selecting a parent" classname="Category Management UI Tests" time="11.605">
    <system-out><![CDATA[
@UI @CategoryUI @Thenujan @TC_CAT_UI_05
Scenario: TC_CAT_UI_05 – Admin can add a main category without selecting a parent # src/test/resources/features/category_ui.feature:65
  Given the application is running                                                # com.itqa.steps.CommonSteps.theApplicationIsRunning()
  Given I am logged in as Admin                                                   # com.itqa.steps.CommonSteps.iAmLoggedInAsAdmin()
  When I navigate to "/ui/categories"                                             # com.itqa.steps.CommonSteps.iNavigateTo(java.lang.String)
  And I click the "Add A Category" button                                         # com.itqa.steps.CategoryUISteps.iClickNamedButton(java.lang.String)
  And I enter category name "MainCat"                                             # com.itqa.steps.CategoryUISteps.iEnterCategoryName(java.lang.String)
  And I leave the parent category field empty                                     # com.itqa.steps.CategoryUISteps.iLeaveParentCategoryFieldEmpty()
  And I click the Save button                                                     # com.itqa.steps.CommonSteps.iClickTheSaveButton()
  Then the category "MainCat" should be visible in the categories list            # com.itqa.steps.CategoryUISteps.categoryShouldBeVisibleInList(java.lang.String)
]]></system-out>
    <system-err><![CDATA[[main] INFO io.github.bonigarcia.wdm.WebDriverManager - Using chromedriver 148.0.7778.178 (resolved driver for Chrome 148)
[main] INFO io.github.bonigarcia.wdm.WebDriverManager - Exporting webdriver.chrome.driver as C:\Users\Thenujan\.cache\selenium\chromedriver\win64\148.0.7778.178\chromedriver.exe
Jun 11, 2026 2:44:22 PM org.openqa.selenium.devtools.CdpVersionFinder findNearestMatch
WARNING: Unable to find CDP implementation matching 148
Jun 11, 2026 2:44:22 PM org.openqa.selenium.chromium.ChromiumDriver lambda$new$5
WARNING: Unable to find version of CDP to use for 148.0.7778.218. You may need to include a dependency on a specific version of the CDP using something similar to `org.seleniumhq.selenium:selenium-devtools-v86:4.20.0` where the version ("v86") matches the version of the chromium-based browser you're using and the version number of the artifact is the same as Selenium's.
]]></system-err>
  </testcase>
  <testcase name="TC_CAT_UI_06 – Categories list page loads with pagination" classname="Category Management UI Tests" time="6.687">
    <system-out><![CDATA[
@UI @CategoryUI @Thenujan @TC_CAT_UI_06
Scenario: TC_CAT_UI_06 – Categories list page loads with pagination # src/test/resources/features/category_ui.feature:78
  Given the application is running                                  # com.itqa.steps.CommonSteps.theApplicationIsRunning()
  Given I am logged in as User                                      # com.itqa.steps.CommonSteps.iAmLoggedInAsUser()
  When I navigate to "/ui/categories"                               # com.itqa.steps.CommonSteps.iNavigateTo(java.lang.String)
  Then the categories table should be visible                       # com.itqa.steps.CategoryUISteps.categoriesTableVisible()
  And pagination controls should be visible if multiple pages exist # com.itqa.steps.CategoryUISteps.paginationControlsVisibleIfMultiplePages()
]]></system-out>
    <system-err><![CDATA[[main] INFO io.github.bonigarcia.wdm.WebDriverManager - Using chromedriver 148.0.7778.178 (resolved driver for Chrome 148)
[main] INFO io.github.bonigarcia.wdm.WebDriverManager - Exporting webdriver.chrome.driver as C:\Users\Thenujan\.cache\selenium\chromedriver\win64\148.0.7778.178\chromedriver.exe
Jun 11, 2026 2:44:32 PM org.openqa.selenium.devtools.CdpVersionFinder findNearestMatch
WARNING: Unable to find CDP implementation matching 148
Jun 11, 2026 2:44:32 PM org.openqa.selenium.chromium.ChromiumDriver lambda$new$5
WARNING: Unable to find version of CDP to use for 148.0.7778.218. You may need to include a dependency on a specific version of the CDP using something similar to `org.seleniumhq.selenium:selenium-devtools-v86:4.20.0` where the version ("v86") matches the version of the chromium-based browser you're using and the version number of the artifact is the same as Selenium's.
]]></system-err>
  </testcase>
  <testcase name="TC_CAT_UI_07 – Normal user cannot see Edit buttons on category list" classname="Category Management UI Tests" time="7.087">
    <failure message="BUG-CAT-UI-001: Edit buttons visible to normal user – admin-only control exposed expected:&lt;0&gt; but was:&lt;10&gt;" type="java.lang.AssertionError"><![CDATA[java.lang.AssertionError: BUG-CAT-UI-001: Edit buttons visible to normal user – admin-only control exposed expected:<0> but was:<10>
	at org.junit.Assert.fail(Assert.java:89)
	at org.junit.Assert.failNotEquals(Assert.java:835)
	at org.junit.Assert.assertEquals(Assert.java:647)
	at com.itqa.steps.CategoryUISteps.noEditButtonsVisible(CategoryUISteps.java:242)
	at ✽.no Edit buttons should be visible in the category list(file:///C:/Users/Thenujan/Downloads/ITQA/ITQA/itqa-automation/src/test/resources/features/category_ui.feature:93)
]]></failure>
    <system-out><![CDATA[
@UI @CategoryUI @Thenujan @TC_CAT_UI_07 @BUG-CAT-UI-001
Scenario: TC_CAT_UI_07 – Normal user cannot see Edit buttons on category list # src/test/resources/features/category_ui.feature:90
  Given the application is running                                            # com.itqa.steps.CommonSteps.theApplicationIsRunning()
  Given I am logged in as User                                                # com.itqa.steps.CommonSteps.iAmLoggedInAsUser()
  When I navigate to "/ui/categories"                                         # com.itqa.steps.CommonSteps.iNavigateTo(java.lang.String)
  Then no Edit buttons should be visible in the category list                 # com.itqa.steps.CategoryUISteps.noEditButtonsVisible()
      java.lang.AssertionError: BUG-CAT-UI-001: Edit buttons visible to normal user – admin-only control exposed expected:<0> but was:<10>
	at org.junit.Assert.fail(Assert.java:89)
	at org.junit.Assert.failNotEquals(Assert.java:835)
	at org.junit.Assert.assertEquals(Assert.java:647)
	at com.itqa.steps.CategoryUISteps.noEditButtonsVisible(CategoryUISteps.java:242)
	at ✽.no Edit buttons should be visible in the category list(file:///C:/Users/Thenujan/Downloads/ITQA/ITQA/itqa-automation/src/test/resources/features/category_ui.feature:93)


    Embedding Screenshot on Failure [image/png 88171 bytes]

]]></system-out>
    <system-err><![CDATA[[main] INFO io.github.bonigarcia.wdm.WebDriverManager - Using chromedriver 148.0.7778.178 (resolved driver for Chrome 148)
[main] INFO io.github.bonigarcia.wdm.WebDriverManager - Exporting webdriver.chrome.driver as C:\Users\Thenujan\.cache\selenium\chromedriver\win64\148.0.7778.178\chromedriver.exe
Jun 11, 2026 2:44:39 PM org.openqa.selenium.devtools.CdpVersionFinder findNearestMatch
WARNING: Unable to find CDP implementation matching 148
Jun 11, 2026 2:44:39 PM org.openqa.selenium.chromium.ChromiumDriver lambda$new$5
WARNING: Unable to find version of CDP to use for 148.0.7778.218. You may need to include a dependency on a specific version of the CDP using something similar to `org.seleniumhq.selenium:selenium-devtools-v86:4.20.0` where the version ("v86") matches the version of the chromium-based browser you're using and the version number of the artifact is the same as Selenium's.
]]></system-err>
  </testcase>
  <testcase name="TC_CAT_UI_08 – Filtering by parent category shows only child categories" classname="Category Management UI Tests" time="8.759">
    <system-out><![CDATA[
@UI @CategoryUI @Thenujan @TC_CAT_UI_08
Scenario: TC_CAT_UI_08 – Filtering by parent category shows only child categories # src/test/resources/features/category_ui.feature:101
  Given the application is running                                                # com.itqa.steps.CommonSteps.theApplicationIsRunning()
  Given I am logged in as User                                                    # com.itqa.steps.CommonSteps.iAmLoggedInAsUser()
  When I navigate to "/ui/categories"                                             # com.itqa.steps.CommonSteps.iNavigateTo(java.lang.String)
Selected parent: Flowers
  And I filter categories by parent category                                      # com.itqa.steps.CategoryUISteps.iFilterCategoriesByParentCategory()
  Then only matching category records should be displayed                         # com.itqa.steps.CategoryUISteps.onlyMatchingCategoryRecordsDisplayed()
]]></system-out>
    <system-err><![CDATA[[main] INFO io.github.bonigarcia.wdm.WebDriverManager - Using chromedriver 148.0.7778.178 (resolved driver for Chrome 148)
[main] INFO io.github.bonigarcia.wdm.WebDriverManager - Exporting webdriver.chrome.driver as C:\Users\Thenujan\.cache\selenium\chromedriver\win64\148.0.7778.178\chromedriver.exe
Jun 11, 2026 2:44:46 PM org.openqa.selenium.devtools.CdpVersionFinder findNearestMatch
WARNING: Unable to find CDP implementation matching 148
Jun 11, 2026 2:44:46 PM org.openqa.selenium.chromium.ChromiumDriver lambda$new$5
WARNING: Unable to find version of CDP to use for 148.0.7778.218. You may need to include a dependency on a specific version of the CDP using something similar to `org.seleniumhq.selenium:selenium-devtools-v86:4.20.0` where the version ("v86") matches the version of the chromium-based browser you're using and the version number of the artifact is the same as Selenium's.
]]></system-err>
  </testcase>
  <testcase name="TC_CAT_UI_09 – Normal user cannot see Delete buttons on category list" classname="Category Management UI Tests" time="6.462">
    <failure message="BUG-CAT-UI-002: Delete buttons visible to normal user – admin-only destructive action exposed expected:&lt;0&gt; but was:&lt;1&gt;" type="java.lang.AssertionError"><![CDATA[java.lang.AssertionError: BUG-CAT-UI-002: Delete buttons visible to normal user – admin-only destructive action exposed expected:<0> but was:<1>
	at org.junit.Assert.fail(Assert.java:89)
	at org.junit.Assert.failNotEquals(Assert.java:835)
	at org.junit.Assert.assertEquals(Assert.java:647)
	at com.itqa.steps.CategoryUISteps.noDeleteButtonsVisible(CategoryUISteps.java:356)
	at ✽.no Delete buttons should be visible in the category list(file:///C:/Users/Thenujan/Downloads/ITQA/ITQA/itqa-automation/src/test/resources/features/category_ui.feature:116)
]]></failure>
    <system-out><![CDATA[
@UI @CategoryUI @Thenujan @TC_CAT_UI_09 @BUG-CAT-UI-002
Scenario: TC_CAT_UI_09 – Normal user cannot see Delete buttons on category list # src/test/resources/features/category_ui.feature:113
  Given the application is running                                              # com.itqa.steps.CommonSteps.theApplicationIsRunning()
  Given I am logged in as User                                                  # com.itqa.steps.CommonSteps.iAmLoggedInAsUser()
  When I navigate to "/ui/categories"                                           # com.itqa.steps.CommonSteps.iNavigateTo(java.lang.String)
  Then no Delete buttons should be visible in the category list                 # com.itqa.steps.CategoryUISteps.noDeleteButtonsVisible()
      java.lang.AssertionError: BUG-CAT-UI-002: Delete buttons visible to normal user – admin-only destructive action exposed expected:<0> but was:<1>
	at org.junit.Assert.fail(Assert.java:89)
	at org.junit.Assert.failNotEquals(Assert.java:835)
	at org.junit.Assert.assertEquals(Assert.java:647)
	at com.itqa.steps.CategoryUISteps.noDeleteButtonsVisible(CategoryUISteps.java:356)
	at ✽.no Delete buttons should be visible in the category list(file:///C:/Users/Thenujan/Downloads/ITQA/ITQA/itqa-automation/src/test/resources/features/category_ui.feature:116)


    Embedding Screenshot on Failure [image/png 88171 bytes]

]]></system-out>
    <system-err><![CDATA[[main] INFO io.github.bonigarcia.wdm.WebDriverManager - Using chromedriver 148.0.7778.178 (resolved driver for Chrome 148)
[main] INFO io.github.bonigarcia.wdm.WebDriverManager - Exporting webdriver.chrome.driver as C:\Users\Thenujan\.cache\selenium\chromedriver\win64\148.0.7778.178\chromedriver.exe
Jun 11, 2026 2:44:54 PM org.openqa.selenium.devtools.CdpVersionFinder findNearestMatch
WARNING: Unable to find CDP implementation matching 148
Jun 11, 2026 2:44:54 PM org.openqa.selenium.chromium.ChromiumDriver lambda$new$5
WARNING: Unable to find version of CDP to use for 148.0.7778.218. You may need to include a dependency on a specific version of the CDP using something similar to `org.seleniumhq.selenium:selenium-devtools-v86:4.20.0` where the version ("v86") matches the version of the chromium-based browser you're using and the version number of the artifact is the same as Selenium's.
]]></system-err>
  </testcase>
  <testcase name="TC_CAT_UI_10 – Cancel button on Add Category page navigates back to list" classname="Category Management UI Tests" time="6.827">
    <system-out><![CDATA[
@UI @CategoryUI @Thenujan @TC_CAT_UI_10
Scenario: TC_CAT_UI_10 – Cancel button on Add Category page navigates back to list # src/test/resources/features/category_ui.feature:122
  Given the application is running                                                 # com.itqa.steps.CommonSteps.theApplicationIsRunning()
  Given I am logged in as Admin                                                    # com.itqa.steps.CommonSteps.iAmLoggedInAsAdmin()
  When I navigate to "/ui/categories/add"                                          # com.itqa.steps.CommonSteps.iNavigateTo(java.lang.String)
  And I click the Cancel button                                                    # com.itqa.steps.CommonSteps.iClickTheCancelButton()
  Then I should be redirected to the categories list page                          # com.itqa.steps.CategoryUISteps.redirectedToCategoriesListPage()
  And no new category should be saved                                              # com.itqa.steps.CategoryUISteps.noNewCategorySaved()
]]></system-out>
    <system-err><![CDATA[[main] INFO io.github.bonigarcia.wdm.WebDriverManager - Using chromedriver 148.0.7778.178 (resolved driver for Chrome 148)
[main] INFO io.github.bonigarcia.wdm.WebDriverManager - Exporting webdriver.chrome.driver as C:\Users\Thenujan\.cache\selenium\chromedriver\win64\148.0.7778.178\chromedriver.exe
Jun 11, 2026 2:45:01 PM org.openqa.selenium.devtools.CdpVersionFinder findNearestMatch
WARNING: Unable to find CDP implementation matching 148
Jun 11, 2026 2:45:01 PM org.openqa.selenium.chromium.ChromiumDriver lambda$new$5
WARNING: Unable to find version of CDP to use for 148.0.7778.218. You may need to include a dependency on a specific version of the CDP using something similar to `org.seleniumhq.selenium:selenium-devtools-v86:4.20.0` where the version ("v86") matches the version of the chromium-based browser you're using and the version number of the artifact is the same as Selenium's.
]]></system-err>
  </testcase>
  <testcase name="TC_CAT_UI_11 – Normal user cannot access category edit page via direct URL" classname="Category Management UI Tests" time="5.718">
    <failure message="User should be denied access to category edit page" type="java.lang.AssertionError"><![CDATA[java.lang.AssertionError: User should be denied access to category edit page
	at org.junit.Assert.fail(Assert.java:89)
	at org.junit.Assert.assertTrue(Assert.java:42)
	at com.itqa.steps.CommonSteps.accessDeniedOrRedirected(CommonSteps.java:262)
	at ✽.I should see an access denied page or be redirected away from the edit form(file:///C:/Users/Thenujan/Downloads/ITQA/ITQA/itqa-automation/src/test/resources/features/category_ui.feature:138)
]]></failure>
    <system-out><![CDATA[
@UI @CategoryUI @Thenujan @TC_CAT_UI_11 @BUG-CAT-UI-003
Scenario: TC_CAT_UI_11 – Normal user cannot access category edit page via direct URL # src/test/resources/features/category_ui.feature:135
  Given the application is running                                                   # com.itqa.steps.CommonSteps.theApplicationIsRunning()
  Given I am logged in as User                                                       # com.itqa.steps.CommonSteps.iAmLoggedInAsUser()
  When I navigate directly to "/ui/categories/edit/1"                                # com.itqa.steps.CommonSteps.iNavigateDirectlyTo(java.lang.String)
  Then I should see an access denied page or be redirected away from the edit form   # com.itqa.steps.CommonSteps.accessDeniedOrRedirected()
      java.lang.AssertionError: User should be denied access to category edit page
	at org.junit.Assert.fail(Assert.java:89)
	at org.junit.Assert.assertTrue(Assert.java:42)
	at com.itqa.steps.CommonSteps.accessDeniedOrRedirected(CommonSteps.java:262)
	at ✽.I should see an access denied page or be redirected away from the edit form(file:///C:/Users/Thenujan/Downloads/ITQA/ITQA/itqa-automation/src/test/resources/features/category_ui.feature:138)


    Embedding Screenshot on Failure [image/png 29388 bytes]

]]></system-out>
    <system-err><![CDATA[[main] INFO io.github.bonigarcia.wdm.WebDriverManager - Using chromedriver 148.0.7778.178 (resolved driver for Chrome 148)
[main] INFO io.github.bonigarcia.wdm.WebDriverManager - Exporting webdriver.chrome.driver as C:\Users\Thenujan\.cache\selenium\chromedriver\win64\148.0.7778.178\chromedriver.exe
Jun 11, 2026 2:45:08 PM org.openqa.selenium.devtools.CdpVersionFinder findNearestMatch
WARNING: Unable to find CDP implementation matching 148
Jun 11, 2026 2:45:08 PM org.openqa.selenium.chromium.ChromiumDriver lambda$new$5
WARNING: Unable to find version of CDP to use for 148.0.7778.218. You may need to include a dependency on a specific version of the CDP using something similar to `org.seleniumhq.selenium:selenium-devtools-v86:4.20.0` where the version ("v86") matches the version of the chromium-based browser you're using and the version number of the artifact is the same as Selenium's.
]]></system-err>
  </testcase>
</testsuite>